<?xml version="1.0" encoding="UTF-8"?>
<robot generator="Robot 6.1.1 (Python 3.10.9 on win32)" generated="20231122 02:15:24.033" rpa="false" schemaversion="4">
<suite id="s1" name="Test" source="c:\Users\Acern\CC test et validation\test_frontend\test\test.robot">
<test id="s1-t1" name="Test de connection au site web" line="18">
<kw name="Open Browser" library="SeleniumLibrary">
<arg>about:blank</arg>
<arg>${BROWSER}</arg>
<doc>Opens a new browser instance to the optional ``url``.</doc>
<msg timestamp="20231122 02:15:24.560" level="INFO">Opening browser 'Edge' to base url 'about:blank'.</msg>
<status status="PASS" starttime="20231122 02:15:24.559" endtime="20231122 02:15:26.495"/>
</kw>
<kw name="Go To" library="SeleniumLibrary">
<arg>${WEBSITE}</arg>
<doc>Navigates the current browser window to the provided ``url``.</doc>
<msg timestamp="20231122 02:15:26.500" level="INFO">Opening url 'http://localhost/Fashion.io'</msg>
<status status="PASS" starttime="20231122 02:15:26.498" endtime="20231122 02:15:26.784"/>
</kw>
<kw name="Wait Until Page Contains Element" library="SeleniumLibrary">
<arg>xpath=/html/body/div[3]/div/div/div[1]/a/img</arg>
<doc>Waits until the element ``locator`` appears on the current page.</doc>
<msg timestamp="20231122 02:15:32.140" level="INFO" html="true">&lt;/td&gt;&lt;/tr&gt;&lt;tr&gt;&lt;td colspan="3"&gt;&lt;a href="selenium-screenshot-2.png"&gt;&lt;img src="selenium-screenshot-2.png" width="800px"&gt;&lt;/a&gt;</msg>
<msg timestamp="20231122 02:15:32.141" level="FAIL">Element 'xpath=/html/body/div[3]/div/div/div[1]/a/img' did not appear in 5 seconds.</msg>
<status status="FAIL" starttime="20231122 02:15:26.785" endtime="20231122 02:15:32.146"/>
</kw>
<kw name="Sleep" library="BuiltIn">
<arg>1s</arg>
<doc>Pauses the test executed for the given time.</doc>
<status status="NOT RUN" starttime="20231122 02:15:32.147" endtime="20231122 02:15:32.148"/>
</kw>
<status status="FAIL" starttime="20231122 02:15:24.558" endtime="20231122 02:15:32.149">Element 'xpath=/html/body/div[3]/div/div/div[1]/a/img' did not appear in 5 seconds.</status>
</test>
<test id="s1-t2" name="Test de connection à un compte" line="23">
<kw name="Click Link" library="SeleniumLibrary">
<arg>xpath=/html/body/div[3]/div/div/div[2]/ul/li[1]/a</arg>
<doc>Clicks a link identified by ``locator``.</doc>
<msg timestamp="20231122 02:15:32.152" level="INFO">Clicking link 'xpath=/html/body/div[3]/div/div/div[2]/ul/li[1]/a'.</msg>
<msg timestamp="20231122 02:15:32.295" level="INFO" html="true">&lt;/td&gt;&lt;/tr&gt;&lt;tr&gt;&lt;td colspan="3"&gt;&lt;a href="selenium-screenshot-3.png"&gt;&lt;img src="selenium-screenshot-3.png" width="800px"&gt;&lt;/a&gt;</msg>
<msg timestamp="20231122 02:15:32.295" level="FAIL">Link with locator 'xpath=/html/body/div[3]/div/div/div[2]/ul/li[1]/a' not found.</msg>
<status status="FAIL" starttime="20231122 02:15:32.151" endtime="20231122 02:15:32.299"/>
</kw>
<kw name="Wait Until Page Contains Element" library="SeleniumLibrary">
<arg>xpath=/html/body/div[5]/div/h1</arg>
<doc>Waits until the element ``locator`` appears on the current page.</doc>
<status status="NOT RUN" starttime="20231122 02:15:32.300" endtime="20231122 02:15:32.301"/>
</kw>
<kw name="Sleep" library="BuiltIn">
<arg>2s</arg>
<doc>Pauses the test executed for the given time.</doc>
<status status="NOT RUN" starttime="20231122 02:15:32.302" endtime="20231122 02:15:32.302"/>
</kw>
<status status="FAIL" starttime="20231122 02:15:32.150" endtime="20231122 02:15:32.305">Link with locator 'xpath=/html/body/div[3]/div/div/div[2]/ul/li[1]/a' not found.</status>
</test>
<test id="s1-t3" name="Test d'inscription de l'utilisateur au site web" line="27">
<kw name="Input Text" library="SeleniumLibrary">
<arg>xpath=/html/body/div[6]/div/div/div/div/form/div/div[2]/div[1]/input</arg>
<arg>${email}</arg>
<doc>Types the given ``text`` into the text field identified by ``locator``.</doc>
<msg timestamp="20231122 02:15:32.309" level="INFO">Typing text 'yvanlandry1@outlook.com' into text field 'xpath=/html/body/div[6]/div/div/div/div/form/div/div[2]/div[1]/input'.</msg>
<msg timestamp="20231122 02:15:32.491" level="INFO" html="true">&lt;/td&gt;&lt;/tr&gt;&lt;tr&gt;&lt;td colspan="3"&gt;&lt;a href="selenium-screenshot-4.png"&gt;&lt;img src="selenium-screenshot-4.png" width="800px"&gt;&lt;/a&gt;</msg>
<msg timestamp="20231122 02:15:32.492" level="FAIL">Element with locator 'xpath=/html/body/div[6]/div/div/div/div/form/div/div[2]/div[1]/input' not found.</msg>
<status status="FAIL" starttime="20231122 02:15:32.307" endtime="20231122 02:15:32.494"/>
</kw>
<kw name="Sleep" library="BuiltIn">
<arg>1s</arg>
<doc>Pauses the test executed for the given time.</doc>
<status status="NOT RUN" starttime="20231122 02:15:32.495" endtime="20231122 02:15:32.495"/>
</kw>
<status status="FAIL" starttime="20231122 02:15:32.306" endtime="20231122 02:15:32.496">Element with locator 'xpath=/html/body/div[6]/div/div/div/div/form/div/div[2]/div[1]/input' not found.</status>
</test>
<test id="s1-t4" name="Test d'authentification de l'utilisateur" line="30">
<kw name="Input Password" library="SeleniumLibrary">
<arg>xpath=/html/body/div[6]/div/div/div/div/form/div/div[2]/div[2]/input</arg>
<arg>${password}</arg>
<doc>Types the given password into the text field identified by ``locator``.</doc>
<msg timestamp="20231122 02:15:32.500" level="INFO">Typing password into text field 'xpath=/html/body/div[6]/div/div/div/div/form/div/div[2]/div[2]/input'.</msg>
<msg timestamp="20231122 02:15:32.709" level="INFO" html="true">&lt;/td&gt;&lt;/tr&gt;&lt;tr&gt;&lt;td colspan="3"&gt;&lt;a href="selenium-screenshot-5.png"&gt;&lt;img src="selenium-screenshot-5.png" width="800px"&gt;&lt;/a&gt;</msg>
<msg timestamp="20231122 02:15:32.709" level="FAIL">Element with locator 'xpath=/html/body/div[6]/div/div/div/div/form/div/div[2]/div[2]/input' not found.</msg>
<status status="FAIL" starttime="20231122 02:15:32.498" endtime="20231122 02:15:32.710"/>
</kw>
<status status="FAIL" starttime="20231122 02:15:32.497" endtime="20231122 02:15:32.711">Element with locator 'xpath=/html/body/div[6]/div/div/div/div/form/div/div[2]/div[2]/input' not found.</status>
</test>
<test id="s1-t5" name="Test d'autorisation de l'utilisateur" line="34">
<kw name="Sleep" library="BuiltIn">
<arg>2s</arg>
<doc>Pauses the test executed for the given time.</doc>
<msg timestamp="20231122 02:15:34.726" level="INFO">Slept 2 seconds</msg>
<status status="PASS" starttime="20231122 02:15:32.714" endtime="20231122 02:15:34.726"/>
</kw>
<kw name="Go To" library="SeleniumLibrary">
<arg>${WEBSITE}</arg>
<doc>Navigates the current browser window to the provided ``url``.</doc>
<msg timestamp="20231122 02:15:34.728" level="INFO">Opening url 'http://localhost/Fashion.io'</msg>
<status status="PASS" starttime="20231122 02:15:34.727" endtime="20231122 02:15:34.819"/>
</kw>
<status status="PASS" starttime="20231122 02:15:32.713" endtime="20231122 02:15:34.826"/>
</test>
<test id="s1-t6" name="Test Naviguation dans le site web" line="37">
<kw name="Sleep" library="BuiltIn">
<arg>3s</arg>
<doc>Pauses the test executed for the given time.</doc>
<msg timestamp="20231122 02:15:37.843" level="INFO">Slept 3 seconds</msg>
<status status="PASS" starttime="20231122 02:15:34.833" endtime="20231122 02:15:37.844"/>
</kw>
<status status="PASS" starttime="20231122 02:15:34.831" endtime="20231122 02:15:37.845"/>
</test>
<test id="s1-t7" name="Test Recherche un produit" line="40">
<kw name="Input Text" library="SeleniumLibrary">
<arg>xpath=/html/body/div[3]/div/div/div[3]/form/div/input</arg>
<arg>Women's Tea</arg>
<doc>Types the given ``text`` into the text field identified by ``locator``.</doc>
<msg timestamp="20231122 02:15:37.849" level="INFO">Typing text 'Women's Tea' into text field 'xpath=/html/body/div[3]/div/div/div[3]/form/div/input'.</msg>
<msg timestamp="20231122 02:15:37.980" level="INFO" html="true">&lt;/td&gt;&lt;/tr&gt;&lt;tr&gt;&lt;td colspan="3"&gt;&lt;a href="selenium-screenshot-6.png"&gt;&lt;img src="selenium-screenshot-6.png" width="800px"&gt;&lt;/a&gt;</msg>
<msg timestamp="20231122 02:15:37.982" level="FAIL">Element with locator 'xpath=/html/body/div[3]/div/div/div[3]/form/div/input' not found.</msg>
<status status="FAIL" starttime="20231122 02:15:37.848" endtime="20231122 02:15:37.982"/>
</kw>
<kw name="Sleep" library="BuiltIn">
<arg>1s</arg>
<doc>Pauses the test executed for the given time.</doc>
<status status="NOT RUN" starttime="20231122 02:15:37.983" endtime="20231122 02:15:37.983"/>
</kw>
<kw name="Click Element" library="SeleniumLibrary">
<arg>xpath=/html/body/div[3]/div/div/div[3]/form/button</arg>
<doc>Click the element identified by ``locator``.</doc>
<status status="NOT RUN" starttime="20231122 02:15:37.985" endtime="20231122 02:15:37.985"/>
</kw>
<status status="FAIL" starttime="20231122 02:15:37.847" endtime="20231122 02:15:37.985">Element with locator 'xpath=/html/body/div[3]/div/div/div[3]/form/div/input' not found.</status>
</test>
<test id="s1-t8" name="Test de Consultation du produit" line="45">
<kw name="Click Element" library="SeleniumLibrary">
<arg>xpath=/html/body/div[6]/div/div/div/div/div/div[1]/div/div[2]/h3/a</arg>
<doc>Click the element identified by ``locator``.</doc>
<msg timestamp="20231122 02:15:37.989" level="INFO">Clicking element 'xpath=/html/body/div[6]/div/div/div/div/div/div[1]/div/div[2]/h3/a'.</msg>
<msg timestamp="20231122 02:15:38.154" level="INFO" html="true">&lt;/td&gt;&lt;/tr&gt;&lt;tr&gt;&lt;td colspan="3"&gt;&lt;a href="selenium-screenshot-7.png"&gt;&lt;img src="selenium-screenshot-7.png" width="800px"&gt;&lt;/a&gt;</msg>
<msg timestamp="20231122 02:15:38.154" level="FAIL">Element with locator 'xpath=/html/body/div[6]/div/div/div/div/div/div[1]/div/div[2]/h3/a' not found.</msg>
<status status="FAIL" starttime="20231122 02:15:37.989" endtime="20231122 02:15:38.155"/>
</kw>
<kw name="Wait Until Page Contains Element" library="SeleniumLibrary">
<arg>xpath=/html/body/div[5]/div/div/div/div[2]/div[1]/div[1]/div[1]/div[1]/ul/li[2]/a</arg>
<doc>Waits until the element ``locator`` appears on the current page.</doc>
<status status="NOT RUN" starttime="20231122 02:15:38.156" endtime="20231122 02:15:38.156"/>
</kw>
<kw name="Sleep" library="BuiltIn">
<arg>2s</arg>
<doc>Pauses the test executed for the given time.</doc>
<status status="NOT RUN" starttime="20231122 02:15:38.157" endtime="20231122 02:15:38.157"/>
</kw>
<status status="FAIL" starttime="20231122 02:15:37.987" endtime="20231122 02:15:38.158">Element with locator 'xpath=/html/body/div[6]/div/div/div/div/div/div[1]/div/div[2]/h3/a' not found.</status>
</test>
<test id="s1-t9" name="Test de Selection de la taille de l'article" line="49">
<kw name="Click Element" library="SeleniumLibrary">
<arg>xpath=/html/body/div[5]/div/div/div/div[2]/div[1]/div[2]/form/div[1]/div/div[1]/span/span[1]/span/span[2]</arg>
<doc>Click the element identified by ``locator``.</doc>
<msg timestamp="20231122 02:15:38.163" level="INFO">Clicking element 'xpath=/html/body/div[5]/div/div/div/div[2]/div[1]/div[2]/form/div[1]/div/div[1]/span/span[1]/span/span[2]'.</msg>
<msg timestamp="20231122 02:15:38.310" level="INFO" html="true">&lt;/td&gt;&lt;/tr&gt;&lt;tr&gt;&lt;td colspan="3"&gt;&lt;a href="selenium-screenshot-8.png"&gt;&lt;img src="selenium-screenshot-8.png" width="800px"&gt;&lt;/a&gt;</msg>
<msg timestamp="20231122 02:15:38.311" level="FAIL">Element with locator 'xpath=/html/body/div[5]/div/div/div/div[2]/div[1]/div[2]/form/div[1]/div/div[1]/span/span[1]/span/span[2]' not found.</msg>
<status status="FAIL" starttime="20231122 02:15:38.162" endtime="20231122 02:15:38.312"/>
</kw>
<kw name="Sleep" library="BuiltIn">
<arg>1s</arg>
<doc>Pauses the test executed for the given time.</doc>
<status status="NOT RUN" starttime="20231122 02:15:38.314" endtime="20231122 02:15:38.315"/>
</kw>
<status status="FAIL" starttime="20231122 02:15:38.161" endtime="20231122 02:15:38.316">Element with locator 'xpath=/html/body/div[5]/div/div/div/div[2]/div[1]/div[2]/form/div[1]/div/div[1]/span/span[1]/span/span[2]' not found.</status>
</test>
<test id="s1-t10" name="Test de de saisi d'information de taille" line="52">
<kw name="Input Text" library="SeleniumLibrary">
<arg>xpath=/html/body/span/span/span[1]/input</arg>
<arg>text=35</arg>
<doc>Types the given ``text`` into the text field identified by ``locator``.</doc>
<msg timestamp="20231122 02:15:38.322" level="INFO">Typing text '35' into text field 'xpath=/html/body/span/span/span[1]/input'.</msg>
<msg timestamp="20231122 02:15:38.449" level="INFO" html="true">&lt;/td&gt;&lt;/tr&gt;&lt;tr&gt;&lt;td colspan="3"&gt;&lt;a href="selenium-screenshot-9.png"&gt;&lt;img src="selenium-screenshot-9.png" width="800px"&gt;&lt;/a&gt;</msg>
<msg timestamp="20231122 02:15:38.449" level="FAIL">Element with locator 'xpath=/html/body/span/span/span[1]/input' not found.</msg>
<status status="FAIL" starttime="20231122 02:15:38.320" endtime="20231122 02:15:38.450"/>
</kw>
<kw name="Sleep" library="BuiltIn">
<arg>1s</arg>
<doc>Pauses the test executed for the given time.</doc>
<status status="NOT RUN" starttime="20231122 02:15:38.451" endtime="20231122 02:15:38.452"/>
</kw>
<kw name="Press Keys" library="SeleniumLibrary">
<arg>xpath=/html/body/span/span/span[2]/ul/li[1]</arg>
<arg>\\13</arg>
<doc>Simulates the user pressing key(s) to an element or on the active browser.</doc>
<status status="NOT RUN" starttime="20231122 02:15:38.452" endtime="20231122 02:15:38.453"/>
</kw>
<status status="FAIL" starttime="20231122 02:15:38.319" endtime="20231122 02:15:38.454">Element with locator 'xpath=/html/body/span/span/span[1]/input' not found.</status>
</test>
<test id="s1-t11" name="Test de Selection la quantité du produit" line="57">
<kw name="Sleep" library="BuiltIn">
<arg>1s</arg>
<doc>Pauses the test executed for the given time.</doc>
<msg timestamp="20231122 02:15:39.463" level="INFO">Slept 1 second</msg>
<status status="PASS" starttime="20231122 02:15:38.457" endtime="20231122 02:15:39.463"/>
</kw>
<kw name="Input Text" library="SeleniumLibrary">
<arg>xpath=/html/body/div[5]/div/div/div/div[2]/div[1]/div[2]/form/div[3]/input</arg>
<arg>5</arg>
<doc>Types the given ``text`` into the text field identified by ``locator``.</doc>
<msg timestamp="20231122 02:15:39.465" level="INFO">Typing text '5' into text field 'xpath=/html/body/div[5]/div/div/div/div[2]/div[1]/div[2]/form/div[3]/input'.</msg>
<msg timestamp="20231122 02:15:39.582" level="INFO" html="true">&lt;/td&gt;&lt;/tr&gt;&lt;tr&gt;&lt;td colspan="3"&gt;&lt;a href="selenium-screenshot-10.png"&gt;&lt;img src="selenium-screenshot-10.png" width="800px"&gt;&lt;/a&gt;</msg>
<msg timestamp="20231122 02:15:39.583" level="FAIL">Element with locator 'xpath=/html/body/div[5]/div/div/div/div[2]/div[1]/div[2]/form/div[3]/input' not found.</msg>
<status status="FAIL" starttime="20231122 02:15:39.464" endtime="20231122 02:15:39.584"/>
</kw>
<status status="FAIL" starttime="20231122 02:15:38.456" endtime="20231122 02:15:39.586">Element with locator 'xpath=/html/body/div[5]/div/div/div/div[2]/div[1]/div[2]/form/div[3]/input' not found.</status>
</test>
<test id="s1-t12" name="Test de lecture de la description du produit" line="61">
<kw name="Sleep" library="BuiltIn">
<arg>1s</arg>
<doc>Pauses the test executed for the given time.</doc>
<msg timestamp="20231122 02:15:40.593" level="INFO">Slept 1 second</msg>
<status status="PASS" starttime="20231122 02:15:39.591" endtime="20231122 02:15:40.593"/>
</kw>
<kw name="Click Element" library="SeleniumLibrary">
<arg>xpath=/html/body/div[5]/div/div/div/div[2]/div[2]/div/ul/li[1]/a</arg>
<doc>Click the element identified by ``locator``.</doc>
<msg timestamp="20231122 02:15:40.595" level="INFO">Clicking element 'xpath=/html/body/div[5]/div/div/div/div[2]/div[2]/div/ul/li[1]/a'.</msg>
<msg timestamp="20231122 02:15:40.714" level="INFO" html="true">&lt;/td&gt;&lt;/tr&gt;&lt;tr&gt;&lt;td colspan="3"&gt;&lt;a href="selenium-screenshot-11.png"&gt;&lt;img src="selenium-screenshot-11.png" width="800px"&gt;&lt;/a&gt;</msg>
<msg timestamp="20231122 02:15:40.714" level="FAIL">Element with locator 'xpath=/html/body/div[5]/div/div/div/div[2]/div[2]/div/ul/li[1]/a' not found.</msg>
<status status="FAIL" starttime="20231122 02:15:40.594" endtime="20231122 02:15:40.716"/>
</kw>
<kw name="Sleep" library="BuiltIn">
<arg>1s</arg>
<doc>Pauses the test executed for the given time.</doc>
<status status="NOT RUN" starttime="20231122 02:15:40.717" endtime="20231122 02:15:40.718"/>
</kw>
<status status="FAIL" starttime="20231122 02:15:39.589" endtime="20231122 02:15:40.721">Element with locator 'xpath=/html/body/div[5]/div/div/div/div[2]/div[2]/div/ul/li[1]/a' not found.</status>
</test>
<test id="s1-t13" name="Test de lecture des caracteristiques du produit" line="66">
<kw name="Click Element" library="SeleniumLibrary">
<arg>xpath=/html/body/div[5]/div/div/div/div[2]/div[2]/div/ul/li[2]/a</arg>
<doc>Click the element identified by ``locator``.</doc>
<msg timestamp="20231122 02:15:40.727" level="INFO">Clicking element 'xpath=/html/body/div[5]/div/div/div/div[2]/div[2]/div/ul/li[2]/a'.</msg>
<msg timestamp="20231122 02:15:40.889" level="INFO" html="true">&lt;/td&gt;&lt;/tr&gt;&lt;tr&gt;&lt;td colspan="3"&gt;&lt;a href="selenium-screenshot-12.png"&gt;&lt;img src="selenium-screenshot-12.png" width="800px"&gt;&lt;/a&gt;</msg>
<msg timestamp="20231122 02:15:40.890" level="FAIL">Element with locator 'xpath=/html/body/div[5]/div/div/div/div[2]/div[2]/div/ul/li[2]/a' not found.</msg>
<status status="FAIL" starttime="20231122 02:15:40.726" endtime="20231122 02:15:40.891"/>
</kw>
<kw name="Sleep" library="BuiltIn">
<arg>1s</arg>
<doc>Pauses the test executed for the given time.</doc>
<status status="NOT RUN" starttime="20231122 02:15:40.892" endtime="20231122 02:15:40.893"/>
</kw>
<status status="FAIL" starttime="20231122 02:15:40.725" endtime="20231122 02:15:40.893">Element with locator 'xpath=/html/body/div[5]/div/div/div/div[2]/div[2]/div/ul/li[2]/a' not found.</status>
</test>
<test id="s1-t14" name="Test de lecture des conditions d'utilisation du produit" line="69">
<kw name="Click Element" library="SeleniumLibrary">
<arg>xpath=/html/body/div[5]/div/div/div/div[2]/div[2]/div/ul/li[3]/a</arg>
<doc>Click the element identified by ``locator``.</doc>
<msg timestamp="20231122 02:15:40.898" level="INFO">Clicking element 'xpath=/html/body/div[5]/div/div/div/div[2]/div[2]/div/ul/li[3]/a'.</msg>
<msg timestamp="20231122 02:15:41.078" level="INFO" html="true">&lt;/td&gt;&lt;/tr&gt;&lt;tr&gt;&lt;td colspan="3"&gt;&lt;a href="selenium-screenshot-13.png"&gt;&lt;img src="selenium-screenshot-13.png" width="800px"&gt;&lt;/a&gt;</msg>
<msg timestamp="20231122 02:15:41.079" level="FAIL">Element with locator 'xpath=/html/body/div[5]/div/div/div/div[2]/div[2]/div/ul/li[3]/a' not found.</msg>
<status status="FAIL" starttime="20231122 02:15:40.897" endtime="20231122 02:15:41.080"/>
</kw>
<kw name="Sleep" library="BuiltIn">
<arg>1s</arg>
<doc>Pauses the test executed for the given time.</doc>
<status status="NOT RUN" starttime="20231122 02:15:41.081" endtime="20231122 02:15:41.081"/>
</kw>
<status status="FAIL" starttime="20231122 02:15:40.896" endtime="20231122 02:15:41.082">Element with locator 'xpath=/html/body/div[5]/div/div/div/div[2]/div[2]/div/ul/li[3]/a' not found.</status>
</test>
<test id="s1-t15" name="Test de Lecture de la politique de retour du produit" line="73">
<kw name="Click Element" library="SeleniumLibrary">
<arg>xpath=/html/body/div[5]/div/div/div/div[2]/div[2]/div/ul/li[4]/a</arg>
<doc>Click the element identified by ``locator``.</doc>
<msg timestamp="20231122 02:15:41.087" level="INFO">Clicking element 'xpath=/html/body/div[5]/div/div/div/div[2]/div[2]/div/ul/li[4]/a'.</msg>
<msg timestamp="20231122 02:15:41.225" level="INFO" html="true">&lt;/td&gt;&lt;/tr&gt;&lt;tr&gt;&lt;td colspan="3"&gt;&lt;a href="selenium-screenshot-14.png"&gt;&lt;img src="selenium-screenshot-14.png" width="800px"&gt;&lt;/a&gt;</msg>
<msg timestamp="20231122 02:15:41.226" level="FAIL">Element with locator 'xpath=/html/body/div[5]/div/div/div/div[2]/div[2]/div/ul/li[4]/a' not found.</msg>
<status status="FAIL" starttime="20231122 02:15:41.086" endtime="20231122 02:15:41.227"/>
</kw>
<kw name="Sleep" library="BuiltIn">
<arg>1s</arg>
<doc>Pauses the test executed for the given time.</doc>
<status status="NOT RUN" starttime="20231122 02:15:41.228" endtime="20231122 02:15:41.228"/>
</kw>
<status status="FAIL" starttime="20231122 02:15:41.085" endtime="20231122 02:15:41.231">Element with locator 'xpath=/html/body/div[5]/div/div/div/div[2]/div[2]/div/ul/li[4]/a' not found.</status>
</test>
<test id="s1-t16" name="Test d'Ajout l'article à la carte" line="76">
<kw name="Sleep" library="BuiltIn">
<arg>1s</arg>
<doc>Pauses the test executed for the given time.</doc>
<msg timestamp="20231122 02:15:42.237" level="INFO">Slept 1 second</msg>
<status status="PASS" starttime="20231122 02:15:41.233" endtime="20231122 02:15:42.237"/>
</kw>
<kw name="Click Element" library="SeleniumLibrary">
<arg>xpath=/html/body/div[5]/div/div/div/div[2]/div[1]/div[2]/form/div[4]/input</arg>
<doc>Click the element identified by ``locator``.</doc>
<msg timestamp="20231122 02:15:42.239" level="INFO">Clicking element 'xpath=/html/body/div[5]/div/div/div/div[2]/div[1]/div[2]/form/div[4]/input'.</msg>
<msg timestamp="20231122 02:15:42.390" level="INFO" html="true">&lt;/td&gt;&lt;/tr&gt;&lt;tr&gt;&lt;td colspan="3"&gt;&lt;a href="selenium-screenshot-15.png"&gt;&lt;img src="selenium-screenshot-15.png" width="800px"&gt;&lt;/a&gt;</msg>
<msg timestamp="20231122 02:15:42.390" level="FAIL">Element with locator 'xpath=/html/body/div[5]/div/div/div/div[2]/div[1]/div[2]/form/div[4]/input' not found.</msg>
<status status="FAIL" starttime="20231122 02:15:42.238" endtime="20231122 02:15:42.391"/>
</kw>
<status status="FAIL" starttime="20231122 02:15:41.232" endtime="20231122 02:15:42.393">Element with locator 'xpath=/html/body/div[5]/div/div/div/div[2]/div[1]/div[2]/form/div[4]/input' not found.</status>
</test>
<test id="s1-t17" name="Test de Verification de l'ajout au panier" line="79">
<kw name="Sleep" library="BuiltIn">
<arg>2s</arg>
<doc>Pauses the test executed for the given time.</doc>
<status status="FAIL" starttime="20231122 02:15:42.398" endtime="20231122 02:15:44.166"/>
</kw>
<status status="FAIL" starttime="20231122 02:15:42.397" endtime="20231122 02:15:44.173">Execution terminated by signal</status>
</test>
<test id="s1-t18" name="Test d'Ajout du meme article au panier" line="82">
<tag>robot:exit</tag>
<status status="FAIL" starttime="20231122 02:15:44.193" endtime="20231122 02:15:44.196">Test execution stopped due to a fatal error.</status>
</test>
<test id="s1-t19" name="Test deConsulation des produit similaire" line="88">
<tag>robot:exit</tag>
<status status="FAIL" starttime="20231122 02:15:44.235" endtime="20231122 02:15:44.239">Test execution stopped due to a fatal error.</status>
</test>
<test id="s1-t20" name="Test d'Ajout le nouveau produit au panier" line="93">
<tag>robot:exit</tag>
<status status="FAIL" starttime="20231122 02:15:44.243" endtime="20231122 02:15:44.244">Test execution stopped due to a fatal error.</status>
</test>
<test id="s1-t21" name="Test de Retour à la page d'acccueil" line="97">
<tag>robot:exit</tag>
<status status="FAIL" starttime="20231122 02:15:44.246" endtime="20231122 02:15:44.248">Test execution stopped due to a fatal error.</status>
</test>
<test id="s1-t22" name="Test de lecture des accessoires pour femmes" line="101">
<tag>robot:exit</tag>
<status status="FAIL" starttime="20231122 02:15:44.256" endtime="20231122 02:15:44.258">Test execution stopped due to a fatal error.</status>
</test>
<test id="s1-t23" name="Test de lecture des accessoires pour hommes" line="105">
<tag>robot:exit</tag>
<status status="FAIL" starttime="20231122 02:15:44.260" endtime="20231122 02:15:44.262">Test execution stopped due to a fatal error.</status>
</test>
<test id="s1-t24" name="Test de lecture des accessoires pour enfant" line="108">
<tag>robot:exit</tag>
<status status="FAIL" starttime="20231122 02:15:44.268" endtime="20231122 02:15:44.269">Test execution stopped due to a fatal error.</status>
</test>
<test id="s1-t25" name="Test de lecture des accessoires d'electroniques" line="111">
<tag>robot:exit</tag>
<status status="FAIL" starttime="20231122 02:15:44.277" endtime="20231122 02:15:44.279">Test execution stopped due to a fatal error.</status>
</test>
<test id="s1-t26" name="Test de lecture des accessoires de santé et maison" line="115">
<tag>robot:exit</tag>
<status status="FAIL" starttime="20231122 02:15:44.286" endtime="20231122 02:15:44.288">Test execution stopped due to a fatal error.</status>
</test>
<test id="s1-t27" name="Test de Retour à la page d'acccueil" line="119">
<tag>robot:exit</tag>
<status status="FAIL" starttime="20231122 02:15:44.291" endtime="20231122 02:15:44.292">Test execution stopped due to a fatal error.</status>
</test>
<test id="s1-t28" name="Test de Souscription à la newsletter" line="124">
<tag>robot:exit</tag>
<status status="FAIL" starttime="20231122 02:15:44.298" endtime="20231122 02:15:44.303">Test execution stopped due to a fatal error.</status>
</test>
<test id="s1-t29" name="Tets de validation de souscription" line="129">
<tag>robot:exit</tag>
<status status="FAIL" starttime="20231122 02:15:44.308" endtime="20231122 02:15:44.309">Test execution stopped due to a fatal error.</status>
</test>
<test id="s1-t30" name="Test de Consultation la page de AboutUs" line="134">
<tag>robot:exit</tag>
<status status="FAIL" starttime="20231122 02:15:44.314" endtime="20231122 02:15:44.315">Test execution stopped due to a fatal error.</status>
</test>
<test id="s1-t31" name="Test de Consultation la page de forum" line="137">
<tag>robot:exit</tag>
<status status="FAIL" starttime="20231122 02:15:44.327" endtime="20231122 02:15:44.330">Test execution stopped due to a fatal error.</status>
</test>
<test id="s1-t32" name="Test de selection d'une question du forum" line="140">
<tag>robot:exit</tag>
<status status="FAIL" starttime="20231122 02:15:44.337" endtime="20231122 02:15:44.339">Test execution stopped due to a fatal error.</status>
</test>
<test id="s1-t33" name="Test d'ajout d'une reponse dans le forum" line="145">
<tag>robot:exit</tag>
<status status="FAIL" starttime="20231122 02:15:44.345" endtime="20231122 02:15:44.346">Test execution stopped due to a fatal error.</status>
</test>
<test id="s1-t34" name="Test d'ajout d'une question dans le forum" line="148">
<tag>robot:exit</tag>
<status status="FAIL" starttime="20231122 02:15:44.358" endtime="20231122 02:15:44.372">Test execution stopped due to a fatal error.</status>
</test>
<test id="s1-t35" name="Test Consultation la page de contactUs" line="154">
<tag>robot:exit</tag>
<status status="FAIL" starttime="20231122 02:15:44.376" endtime="20231122 02:15:44.394">Test execution stopped due to a fatal error.</status>
</test>
<test id="s1-t36" name="Test de Contact du service client" line="158">
<tag>robot:exit</tag>
<status status="FAIL" starttime="20231122 02:15:44.595" endtime="20231122 02:15:44.608">Test execution stopped due to a fatal error.</status>
</test>
<test id="s1-t37" name="Test d'ajout de l'email" line="161">
<tag>robot:exit</tag>
<status status="FAIL" starttime="20231122 02:15:44.612" endtime="20231122 02:15:44.616">Test execution stopped due to a fatal error.</status>
</test>
<test id="s1-t38" name="Test d'ajout de numero telephonique" line="164">
<tag>robot:exit</tag>
<status status="FAIL" starttime="20231122 02:15:44.637" endtime="20231122 02:15:44.639">Test execution stopped due to a fatal error.</status>
</test>
<test id="s1-t39" name="Test d'ajout de requete" line="167">
<tag>robot:exit</tag>
<status status="FAIL" starttime="20231122 02:15:44.641" endtime="20231122 02:15:44.642">Test execution stopped due to a fatal error.</status>
</test>
<test id="s1-t40" name="Test de retour à l'accueil" line="169">
<tag>robot:exit</tag>
<status status="FAIL" starttime="20231122 02:15:44.648" endtime="20231122 02:15:44.652">Test execution stopped due to a fatal error.</status>
</test>
<test id="s1-t41" name="Test de retour à la page precedente" line="174">
<tag>robot:exit</tag>
<status status="FAIL" starttime="20231122 02:15:44.654" endtime="20231122 02:15:44.656">Test execution stopped due to a fatal error.</status>
</test>
<test id="s1-t42" name="Test de navigation dans la page" line="177">
<tag>robot:exit</tag>
<status status="FAIL" starttime="20231122 02:15:44.659" endtime="20231122 02:15:44.664">Test execution stopped due to a fatal error.</status>
</test>
<test id="s1-t43" name="Test de Consultation la liste des produits du panier" line="180">
<tag>robot:exit</tag>
<status status="FAIL" starttime="20231122 02:15:44.668" endtime="20231122 02:15:44.670">Test execution stopped due to a fatal error.</status>
</test>
<test id="s1-t44" name="Test de Modification la quantité des produits" line="185">
<tag>robot:exit</tag>
<status status="FAIL" starttime="20231122 02:15:44.673" endtime="20231122 02:15:44.674">Test execution stopped due to a fatal error.</status>
</test>
<test id="s1-t45" name="Test de modification du produit" line="190">
<tag>robot:exit</tag>
<status status="FAIL" starttime="20231122 02:15:44.682" endtime="20231122 02:15:44.684">Test execution stopped due to a fatal error.</status>
</test>
<test id="s1-t46" name="Test de changement des details de l'article" line="192">
<tag>robot:exit</tag>
<status status="FAIL" starttime="20231122 02:15:44.688" endtime="20231122 02:15:44.689">Test execution stopped due to a fatal error.</status>
</test>
<test id="s1-t47" name="Test de modification de stock de produit pour le panier" line="196">
<tag>robot:exit</tag>
<status status="FAIL" starttime="20231122 02:15:44.693" endtime="20231122 02:15:44.696">Test execution stopped due to a fatal error.</status>
</test>
<test id="s1-t48" name="Test de Mise à jour la carte" line="200">
<tag>robot:exit</tag>
<status status="FAIL" starttime="20231122 02:15:44.701" endtime="20231122 02:15:44.703">Test execution stopped due to a fatal error.</status>
</test>
<test id="s1-t49" name="Test de suppression de la carte" line="203">
<tag>robot:exit</tag>
<status status="FAIL" starttime="20231122 02:15:44.705" endtime="20231122 02:15:44.706">Test execution stopped due to a fatal error.</status>
</test>
<test id="s1-t50" name="Test de Suppession d'un produit de la carte" line="208">
<tag>robot:exit</tag>
<status status="FAIL" starttime="20231122 02:15:44.710" endtime="20231122 02:15:44.711">Test execution stopped due to a fatal error.</status>
</test>
<test id="s1-t51" name="Test de retour" line="214">
<tag>robot:exit</tag>
<status status="FAIL" starttime="20231122 02:15:44.714" endtime="20231122 02:15:44.715">Test execution stopped due to a fatal error.</status>
</test>
<test id="s1-t52" name="Test de Visite de la page Facebook du site web" line="217">
<tag>robot:exit</tag>
<status status="FAIL" starttime="20231122 02:15:44.718" endtime="20231122 02:15:44.719">Test execution stopped due to a fatal error.</status>
</test>
<test id="s1-t53" name="Test de Visite de la page Twitter du site web" line="223">
<tag>robot:exit</tag>
<status status="FAIL" starttime="20231122 02:15:44.721" endtime="20231122 02:15:44.722">Test execution stopped due to a fatal error.</status>
</test>
<test id="s1-t54" name="Test d'attente" line="226">
<tag>robot:exit</tag>
<status status="FAIL" starttime="20231122 02:15:44.728" endtime="20231122 02:15:44.729">Test execution stopped due to a fatal error.</status>
</test>
<test id="s1-t55" name="Test Visite de la page Youtube du site web" line="231">
<tag>robot:exit</tag>
<status status="FAIL" starttime="20231122 02:15:44.732" endtime="20231122 02:15:44.735">Test execution stopped due to a fatal error.</status>
</test>
<test id="s1-t56" name="Test de verification des informations utilisées" line="234">
<tag>robot:exit</tag>
<status status="FAIL" starttime="20231122 02:15:44.740" endtime="20231122 02:15:44.741">Test execution stopped due to a fatal error.</status>
</test>
<test id="s1-t57" name="Test Visite la page Instagram du site web" line="239">
<tag>robot:exit</tag>
<status status="FAIL" starttime="20231122 02:15:44.743" endtime="20231122 02:15:44.745">Test execution stopped due to a fatal error.</status>
</test>
<test id="s1-t58" name="Test de verification de la connection internet" line="242">
<tag>robot:exit</tag>
<status status="FAIL" starttime="20231122 02:15:44.747" endtime="20231122 02:15:44.752">Test execution stopped due to a fatal error.</status>
</test>
<test id="s1-t59" name="Test de Visite la page WhatsApp du site web" line="247">
<tag>robot:exit</tag>
<status status="FAIL" starttime="20231122 02:15:44.758" endtime="20231122 02:15:44.760">Test execution stopped due to a fatal error.</status>
</test>
<test id="s1-t60" name="Test de deconexion du navigateur" line="256">
<tag>robot:exit</tag>
<status status="FAIL" starttime="20231122 02:15:44.781" endtime="20231122 02:15:44.788">Test execution stopped due to a fatal error.</status>
</test>
<status status="FAIL" starttime="20231122 02:15:24.045" endtime="20231122 02:15:44.794"/>
</suite>
<statistics>
<total>
<stat pass="2" fail="58" skip="0">All Tests</stat>
</total>
<tag>
<stat pass="2" fail="15" skip="0" info="combined" combined="NOT robot:exit">NOT robot:exit</stat>
</tag>
<suite>
<stat pass="2" fail="58" skip="0" id="s1" name="Test">Test</stat>
</suite>
</statistics>
<errors>
<msg timestamp="20231122 02:15:44.290" level="WARN">Multiple tests with name 'Test de Retour à la page d'acccueil' executed in suite 'Test'.</msg>
</errors>
</robot>
